<?xml version="1.0" encoding="UTF-8"?>
<!-- Generated by org.testng.reporters.JUnitReportReporter -->
<testsuite skipped="0" hostname="DESKTOP-RED2SS3" name="org.junittesting.JUnitAnnotations" tests="3" failures="0" timestamp="2022-04-17T01:35:49 IST" time="1.160" errors="0">
  <testcase name="scl" time="0.365" classname="org.junittesting.JUnitAnnotations"/>
  <system-out/>
  <testcase name="input1" time="0.453" classname="org.junittesting.JUnitAnnotations"/>
  <system-out/>
  <testcase name="input" time="0.342" classname="org.junittesting.JUnitAnnotations"/>
  <system-out/>
</testsuite> <!-- org.junittesting.JUnitAnnotations -->
